<?xml version="1.0" encoding="UTF-8"?>
<!-- Generated by org.testng.reporters.JUnitXMLReporter -->
<testsuite ignored="0" hostname="JaniceOvando" failures="1" tests="1" name="Surefire test" time="12.46" errors="0" timestamp="2026-09-08T16:28:33 CST">
  <testcase classname="tests.DebugTest" name="debug" time="9.863">
    <failure type="java.nio.file.FileAlreadyExistsException" message="debug.png">
      <![CDATA[java.nio.file.FileAlreadyExistsException: debug.png
at java.base/sun.nio.fs.UnixFileSystem.copy(UnixFileSystem.java:1053)
at java.base/sun.nio.fs.UnixFileSystemProvider.copy(UnixFileSystemProvider.java:300)
at java.base/java.nio.file.Files.copy(Files.java:1305)
at tests.DebugTest.debug(DebugTest.java:16)
at java.base/java.util.ArrayList.forEach(ArrayList.java:1596)
... Removed 30 stack frames]]>
    </failure>
  </testcase> <!-- debug -->
</testsuite> <!-- Surefire test -->
