<?xml version="1.0" encoding="UTF-8"?>
<!-- Generated by org.testng.reporters.JUnitXMLReporter -->
<testsuite ignored="0" hostname="JaniceOvando" failures="3" tests="3" name="Pruebas sitio público" time="94.719" errors="0" timestamp="2026-09-08T16:18:58 CST">
  <testcase classname="tests.SantanderTest" name="shouldLoadHomePage" time="16.987">
    <failure type="java.lang.AssertionError" message="El título de la página debería contener &amp;apos;Santander&amp;apos; expected [true] but found [false]">
      <![CDATA[java.lang.AssertionError: El título de la página debería contener 'Santander' expected [true] but found [false]
at tests.SantanderTest.shouldLoadHomePage(SantanderTest.java:14)
at java.base/java.util.ArrayList.forEach(ArrayList.java:1596)
... Removed 32 stack frames]]>
    </failure>
  </testcase> <!-- shouldLoadHomePage -->
  <testcase classname="tests.SantanderTest" name="shouldNavigateToAcercaDelBanco" time="34.205">
    <failure type="org.openqa.selenium.TimeoutException" message="Expected condition failed: waiting for element to be clickable: By.xpath: //*[normalize-space(text())=&amp;apos;Acerca del Banco&amp;apos;] (tried for 15 second(s) with 500 milliseconds interval)
Build info: version: &amp;apos;4.35.0&amp;apos;, revision: &amp;apos;1c58e5028b&amp;apos;
System info: os.name: &amp;apos;Linux&amp;apos;, os.arch: &amp;apos;amd64&amp;apos;, os.version: &amp;apos;6.6.87.2-microsoft-standard-WSL2&amp;apos;, java.version: &amp;apos;21.0.12&amp;apos;
Driver info: org.openqa.selenium.chrome.ChromeDriver
Capabilities {acceptInsecureCerts: false, browserName: chrome, browserVersion: 153.0.8010.36, chrome: {chromedriverVersion: 153.0.8010.12 (971a7443b0c9..., userDataDir: /tmp/org.chromium.Chromium....}, fedcm:accounts: true, goog:chromeOptions: {debuggerAddress: localhost:35415}, goog:processID: 3803, networkConnectionEnabled: false, pageLoadStrategy: normal, platformName: linux, proxy: Proxy(), se:cdp: ws://localhost:35415/devtoo..., se:cdpVersion: 153.0.8010.36, setWindowRect: true, strictFileInteractability: false, timeouts: {implicit: 0, pageLoad: 300000, script: 30000}, unhandledPromptBehavior: dismiss and notify, webauthn:extension:cmtgKey: true, webauthn:extension:credBlob: true, webauthn:extension:largeBlob: true, webauthn:extension:minPinLength: true, webauthn:extension:prf: true, webauthn:virtualAuthenticators: true}
Session ID: 8461f7b3028d041554e653b845fac6ee">
      <![CDATA[org.openqa.selenium.TimeoutException: Expected condition failed: waiting for element to be clickable: By.xpath: //*[normalize-space(text())='Acerca del Banco'] (tried for 15 second(s) with 500 milliseconds interval)
Build info: version: '4.35.0', revision: '1c58e5028b'
System info: os.name: 'Linux', os.arch: 'amd64', os.version: '6.6.87.2-microsoft-standard-WSL2', java.version: '21.0.12'
Driver info: org.openqa.selenium.chrome.ChromeDriver
Capabilities {acceptInsecureCerts: false, browserName: chrome, browserVersion: 153.0.8010.36, chrome: {chromedriverVersion: 153.0.8010.12 (971a7443b0c9..., userDataDir: /tmp/org.chromium.Chromium....}, fedcm:accounts: true, goog:chromeOptions: {debuggerAddress: localhost:35415}, goog:processID: 3803, networkConnectionEnabled: false, pageLoadStrategy: normal, platformName: linux, proxy: Proxy(), se:cdp: ws://localhost:35415/devtoo..., se:cdpVersion: 153.0.8010.36, setWindowRect: true, strictFileInteractability: false, timeouts: {implicit: 0, pageLoad: 300000, script: 30000}, unhandledPromptBehavior: dismiss and notify, webauthn:extension:cmtgKey: true, webauthn:extension:credBlob: true, webauthn:extension:largeBlob: true, webauthn:extension:minPinLength: true, webauthn:extension:prf: true, webauthn:virtualAuthenticators: true}
Session ID: 8461f7b3028d041554e653b845fac6ee
at org.openqa.selenium.support.ui.WebDriverWait.timeoutException(WebDriverWait.java:84)
at org.openqa.selenium.support.ui.FluentWait.until(FluentWait.java:228)
at base.BasePage.click(BasePage.java:34)
at pages.HomePage.goToAcercaDelBanco(HomePage.java:38)
at tests.SantanderTest.shouldNavigateToAcercaDelBanco(SantanderTest.java:21)
at java.base/java.util.ArrayList.forEach(ArrayList.java:1596)
... Removed 29 stack frames]]>
    </failure>
  </testcase> <!-- shouldNavigateToAcercaDelBanco -->
  <testcase classname="tests.SantanderTest" name="shouldSeeSostenibilidadOption" time="34.135">
    <failure type="java.lang.AssertionError" message="El menú debería mostrar la opción de Sostenibilidad expected [true] but found [false]">
      <![CDATA[java.lang.AssertionError: El menú debería mostrar la opción de Sostenibilidad expected [true] but found [false]
at tests.SantanderTest.shouldSeeSostenibilidadOption(SantanderTest.java:32)
at java.base/java.util.ArrayList.forEach(ArrayList.java:1596)
... Removed 32 stack frames]]>
    </failure>
  </testcase> <!-- shouldSeeSostenibilidadOption -->
</testsuite> <!-- Pruebas sitio público -->
