<?xml version="1.0" encoding="UTF-8"?>
<testng-results ignored="0" total="1" passed="0" failed="1" skipped="0">
  <reporter-output>
  </reporter-output>
  <suite started-at="2026-09-08T16:28:20 CST" name="Surefire suite" finished-at="2026-09-08T16:28:33 CST" duration-ms="12460">
    <groups>
    </groups>
    <test started-at="2026-09-08T16:28:20 CST" name="Surefire test" finished-at="2026-09-08T16:28:33 CST" duration-ms="12460">
      <class name="tests.DebugTest">
        <test-method is-config="true" signature="setUp()[pri:0, instance:tests.DebugTest@fdefd3f]" started-at="2026-09-08T16:28:20 CST" name="setUp" finished-at="2026-09-08T16:28:23 CST" duration-ms="2301" status="PASS">
          <reporter-output>
          </reporter-output>
        </test-method> <!-- setUp -->
        <test-method signature="debug()[pri:0, instance:tests.DebugTest@fdefd3f]" started-at="2026-09-08T16:28:23 CST" name="debug" finished-at="2026-09-08T16:28:33 CST" duration-ms="9863" status="FAIL">
          <exception class="java.nio.file.FileAlreadyExistsException">
            <message>
              <![CDATA[debug.png]]>
            </message>
            <full-stacktrace>
              <![CDATA[java.nio.file.FileAlreadyExistsException: debug.png
at java.base/sun.nio.fs.UnixFileSystem.copy(UnixFileSystem.java:1053)
at java.base/sun.nio.fs.UnixFileSystemProvider.copy(UnixFileSystemProvider.java:300)
at java.base/java.nio.file.Files.copy(Files.java:1305)
at tests.DebugTest.debug(DebugTest.java:16)
at java.base/jdk.internal.reflect.DirectMethodHandleAccessor.invoke(DirectMethodHandleAccessor.java:103)
at java.base/java.lang.reflect.Method.invoke(Method.java:580)
at org.testng.internal.invokers.MethodInvocationHelper.invokeMethod(MethodInvocationHelper.java:141)
at org.testng.internal.invokers.TestInvoker.invokeMethod(TestInvoker.java:686)
at org.testng.internal.invokers.TestInvoker.invokeTestMethod(TestInvoker.java:230)
at org.testng.internal.invokers.MethodRunner.runInSequence(MethodRunner.java:63)
at org.testng.internal.invokers.TestInvoker$MethodInvocationAgent.invoke(TestInvoker.java:992)
at org.testng.internal.invokers.TestInvoker.invokeTestMethods(TestInvoker.java:203)
at org.testng.internal.invokers.TestMethodWorker.invokeTestMethods(TestMethodWorker.java:154)
at org.testng.internal.invokers.TestMethodWorker.run(TestMethodWorker.java:134)
at java.base/java.util.ArrayList.forEach(ArrayList.java:1596)
at org.testng.TestRunner.privateRun(TestRunner.java:739)
at org.testng.TestRunner.run(TestRunner.java:614)
at org.testng.SuiteRunner.runTest(SuiteRunner.java:421)
at org.testng.SuiteRunner.runSequentially(SuiteRunner.java:413)
at org.testng.SuiteRunner.privateRun(SuiteRunner.java:373)
at org.testng.SuiteRunner.run(SuiteRunner.java:312)
at org.testng.SuiteRunnerWorker.runSuite(SuiteRunnerWorker.java:52)
at org.testng.SuiteRunnerWorker.run(SuiteRunnerWorker.java:95)
at org.testng.TestNG.runSuitesSequentially(TestNG.java:1274)
at org.testng.TestNG.runSuitesLocally(TestNG.java:1208)
at org.testng.TestNG.runSuites(TestNG.java:1112)
at org.testng.TestNG.run(TestNG.java:1079)
at org.apache.maven.surefire.testng.TestNGExecutor.run(TestNGExecutor.java:155)
at org.apache.maven.surefire.testng.TestNGDirectoryTestSuite.executeSingleClass(TestNGDirectoryTestSuite.java:102)
at org.apache.maven.surefire.testng.TestNGDirectoryTestSuite.execute(TestNGDirectoryTestSuite.java:91)
at org.apache.maven.surefire.testng.TestNGProvider.invoke(TestNGProvider.java:137)
at org.apache.maven.surefire.booter.ForkedBooter.runSuitesInProcess(ForkedBooter.java:385)
at org.apache.maven.surefire.booter.ForkedBooter.execute(ForkedBooter.java:162)
at org.apache.maven.surefire.booter.ForkedBooter.run(ForkedBooter.java:507)
at org.apache.maven.surefire.booter.ForkedBooter.main(ForkedBooter.java:495)
]]>
            </full-stacktrace>
          </exception> <!-- java.nio.file.FileAlreadyExistsException -->
          <reporter-output>
          </reporter-output>
        </test-method> <!-- debug -->
        <test-method is-config="true" signature="tearDown()[pri:0, instance:tests.DebugTest@fdefd3f]" started-at="2026-09-08T16:28:33 CST" name="tearDown" finished-at="2026-09-08T16:28:33 CST" duration-ms="237" status="PASS">
          <reporter-output>
          </reporter-output>
        </test-method> <!-- tearDown -->
      </class> <!-- tests.DebugTest -->
    </test> <!-- Surefire test -->
  </suite> <!-- Surefire suite -->
</testng-results>
